Fri Sep 16 19:07:51 CEST 2022
==============================================================
JobId=11502560 JobName=IL_N08
   UserId=zhexu(547392) GroupId=zdv(207) MCS_label=N/A
   Priority=201946 Nice=0 Account=m2_trr146 QOS=normal WCKey=*
   JobState=RUNNING Reason=None Dependency=(null)
   Requeue=1 Restarts=0 BatchFlag=1 Reboot=0 ExitCode=0:0
   DerivedExitCode=0:0
   RunTime=00:00:09 TimeLimit=2-00:00:00 TimeMin=N/A
   SubmitTime=2022-09-16T19:07:41 EligibleTime=2022-09-16T19:07:41
   AccrueTime=2022-09-16T19:07:41
   StartTime=2022-09-16T19:07:42 EndTime=2022-09-18T19:07:42 Deadline=N/A
   SuspendTime=None SecsPreSuspend=0 LastSchedEval=2022-09-16T19:07:42
   Partition=parallel AllocNode:Sid=login22:2459066
   ReqNodeList=(null) ExcNodeList=(null)
   NodeList=z0414
   BatchHost=z0414
   NumNodes=1 NumCPUs=40 NumTasks=8 CPUs/Task=2 ReqB:S:C:T=0:0:*:*
   TRES=cpu=40,mem=57000M,node=1,billing=53
   Socks/Node=* NtasksPerN:B:S:C=8:0:*:* CoreSpec=*
   JOB_GRES=(null)
     Nodes=z0414 CPU_IDs=0-39 Mem=57000 GRES=
   MinCPUsNode=16 MinMemoryNode=57000M MinTmpDiskNode=0
   Features=broadwell DelayBoot=00:00:00
   OverSubscribe=NO Contiguous=0 Licenses=(null) Network=(null)
   Command=/gpfs/fs1/home/zhexu/data/IL_gromacs_nvt_ewald/test_dpd/gnu.dpd.sh
   WorkDir=/gpfs/fs1/home/zhexu/data/IL_gromacs_nvt_ewald/test_dpd
   StdErr=/gpfs/fs1/home/zhexu/data/IL_gromacs_nvt_ewald/test_dpd/md_N08.11502560.err
   StdIn=/dev/null
   StdOut=/gpfs/fs1/home/zhexu/data/IL_gromacs_nvt_ewald/test_dpd/md_N08.11502560.out
   Power=
   NtasksPerTRES:0

==============================================================
# See the source code $ESPRESSOHOME/src/tools/gromacs.py for some tips on using the gromacs parser
Reading top file: topology.top
Defaults:  {'nbtype': '1', 'combinationrule': '1', 'genpairs': 'no', 'fudgeLJ': '1.0', 'fudgeQQ': '1.0'}
Reading atomtypes (GROMACS: ESPResSo++): 
 I1: 0
 I3: 1
 I2: 2
 CT: 3
 PF: 4
 X: 5
Reading number of molecules: 
 Anion               256
 Cation              256
Preparing 256 Anion molecules... 
-----------------------------
Generating Regular exclusions nregxcl= 3
Warning: this doesn't work for systems containing (1,5)-bonds, i.e. additional bonds between
particles which are 4 bonds apart along a chain, e.g. some CG polymer models (see gromacs.py for solution)
#Warning! This parser of the improper angles section of gromacs-format forcefield files is for the Amber forcefield only. Other forcefields may have a different atom ordering. See storeImpropers in gromacs.py for further details.
Preparing 256 Cation molecules... 
-----------------------------
#Warning! This parser of the improper angles section of gromacs-format forcefield files is for the Amber forcefield only. Other forcefields may have a different atom ordering. See storeImpropers in gromacs.py for further details.
Found default values
Found  1280 types
Found  1280 masses
Found  1280 charges
Found  5  atomtypeparameters
Found  4  bond types
Found  4  bondtypeparams
Found  5  angle types
Found  5  angle type parameters
Found  1536 bond exclusions
Found Box: [4.43101, 4.43101, 4.43101]
Found  1280  velocities
USAGE: unpack as
defaults, types, atomtypes, masses, charges, atomtypeparameters, bondtypes, bondtypeparams, angletypes, angletypeparams, exclusions, x, y, z, vx, vy, vz, resname, resid, Lx, Ly, Lz =gromacs.read( ... )
DONE parsing
Setting up simulation ...
Cubicity check passed -> powered by HeSpaDDA
Cubicity check passed -> powered by HeSpaDDA
Cubicity check passed -> powered by HeSpaDDA
HeSpaDDA message: Size Lenghts are eq. while ordering axis with preference on X, Y and Z!
{'I1_I1': <espressopp.interaction.Tabulated.Tabulated object at 0x7f05f9be8760>, 'I1_I2': <espressopp.interaction.Tabulated.Tabulated object at 0x7f05f9bf7f70>, 'I2_I1': <espressopp.interaction.Tabulated.Tabulated object at 0x7f05f9bf7f70>, 'I1_I3': <espressopp.interaction.Tabulated.Tabulated object at 0x7f05f9c14a60>, 'I3_I1': <espressopp.interaction.Tabulated.Tabulated object at 0x7f05f9c14a60>, 'I1_CT': <espressopp.interaction.Tabulated.Tabulated object at 0x7f05f9c14be0>, 'CT_I1': <espressopp.interaction.Tabulated.Tabulated object at 0x7f05f9c14be0>, 'I1_PF': <espressopp.interaction.Tabulated.Tabulated object at 0x7f05f9c14d30>, 'PF_I1': <espressopp.interaction.Tabulated.Tabulated object at 0x7f05f9c14d30>, 'I2_I2': <espressopp.interaction.Tabulated.Tabulated object at 0x7f05f9c14e80>, 'I2_I3': <espressopp.interaction.Tabulated.Tabulated object at 0x7f05f9c14fd0>, 'I3_I2': <espressopp.interaction.Tabulated.Tabulated object at 0x7f05f9c14fd0>, 'I2_CT': <espressopp.interaction.Tabulated.Tabulated object at 0x7f05f9a45100>, 'CT_I2': <espressopp.interaction.Tabulated.Tabulated object at 0x7f05f9a45100>, 'I2_PF': <espressopp.interaction.Tabulated.Tabulated object at 0x7f05f9a45280>, 'PF_I2': <espressopp.interaction.Tabulated.Tabulated object at 0x7f05f9a45280>, 'I3_I3': <espressopp.interaction.Tabulated.Tabulated object at 0x7f05f9a45400>, 'I3_CT': <espressopp.interaction.Tabulated.Tabulated object at 0x7f05f9a45550>, 'CT_I3': <espressopp.interaction.Tabulated.Tabulated object at 0x7f05f9a45550>, 'I3_PF': <espressopp.interaction.Tabulated.Tabulated object at 0x7f05f9a456a0>, 'PF_I3': <espressopp.interaction.Tabulated.Tabulated object at 0x7f05f9a456a0>, 'CT_CT': <espressopp.interaction.Tabulated.Tabulated object at 0x7f05f9a457f0>, 'CT_PF': <espressopp.interaction.Tabulated.Tabulated object at 0x7f05f9a45940>, 'PF_CT': <espressopp.interaction.Tabulated.Tabulated object at 0x7f05f9a45940>, 'PF_PF': <espressopp.interaction.Tabulated.Tabulated object at 0x7f05f9a45a90>}
{'I1': ['I1'], 'I3': ['I3'], 'I2': ['I2'], 'CT': ['CT'], 'PF': ['PF']}

number of particles = 1280
density = 14.7130
rc = 1.5
dt = 0.001
skin = 0.3
steps = 2000000
NodeGrid = (2, 2, 2)
CellGrid = (1, 1, 1)

starting equilibration ...
 step      T          P        Pxy          ekin         e0           e1           e2           e3           e4           e5           e6           e7           e8           e9           e10           e11           e12         etotal       boxL     
    0     2.6744 -21.527993 -11.197011     5134.768   -28328.754   -15364.897   -20819.300   -35701.979      183.011      229.190      272.855      830.649       68.228       79.261       38.699      186.897     1377.613   -91813.759   4.43101000
   50     2.6287 -41.246024 -24.358382     5047.101   -28352.612   -15361.316   -20759.228   -35689.696      236.375      243.570      254.320      842.600       81.871       97.463       38.249      169.483     1356.221   -91795.599   4.43101000
  100     2.6034 -20.268673 -23.532197     4998.521   -28287.005   -15363.688   -20703.479   -35676.707      183.962      275.784      257.736      798.241       72.139       73.431       35.140      182.612     1316.987   -91836.328   4.43101000
  150     2.4599  -7.510147 -13.038872     4723.086   -28184.012   -15366.660   -20681.979   -35665.097      230.059      294.104      274.812      786.472       78.893      103.235       42.495      195.725     1297.966   -91870.901   4.43101000
  200     2.5262   9.245869 -35.476313     4850.268   -28127.568   -15367.713   -20709.385   -35660.603      212.264      283.471      271.209      700.805       83.617       89.492       36.948      226.598     1270.649   -91839.948   4.43101000
  250     2.5456  -1.310280 -54.632961     4887.479   -28049.855   -15365.150   -20770.152   -35664.856      223.376      266.064      258.617      680.416       76.502       88.363       38.085      179.908     1277.220   -91873.984   4.43101000
  300     2.5253  -5.269495 -33.064846     4848.488   -28050.173   -15363.756   -20805.454   -35668.672      211.302      256.121      277.802      685.001       79.669       98.768       43.788      180.564     1328.605   -91877.946   4.43101000
  350     2.5067   7.883098   5.601196     4812.879   -28171.721   -15365.835   -20814.146   -35670.424      226.881      260.707      284.361      728.276       79.483       97.094       42.539      191.549     1322.553   -91975.803   4.43101000
  400     2.5669  26.782924  -4.320508     4928.381   -28327.471   -15369.129   -20801.941   -35663.779      245.382      261.498      265.309      786.898       83.505      100.213       40.547      211.301     1312.265   -91927.020   4.43101000
  450     2.6466  29.890497 -27.102144     5081.479   -28398.972   -15368.385   -20785.021   -35655.555      218.242      264.326      253.223      797.732       81.028       92.363       37.511      193.284     1298.150   -91890.595   4.43101000
  500     2.5392 -16.081873 -24.288383     4875.184   -28318.527   -15363.730   -20776.883   -35647.068      223.342      251.055      244.186      761.654       78.791      101.717       43.401      210.003     1300.242   -92016.634   4.43101000
  550     2.5308 -21.629842  -3.981372     4859.211   -28209.215   -15363.459   -20766.604   -35641.557      201.828      285.602      246.109      653.648       74.562       78.017       38.278      211.353     1324.488   -92007.738   4.43101000
  600     2.5431 -13.651518 -12.754183     4882.777   -28272.642   -15365.522   -20725.937   -35638.431      246.415      292.875      261.959      641.103       80.121       88.406       38.809      190.300     1333.008   -91946.758   4.43101000
  650     2.6009  -1.420572 -25.065780     4993.682   -28414.010   -15366.483   -20681.427   -35638.535      213.090      272.705      280.244      708.531       81.078       83.865       37.406      178.035     1269.437   -91982.383   4.43101000
  700     2.6181 -13.062790 -37.318965     5026.797   -28458.313   -15363.938   -20675.540   -35636.210      239.343      247.615      283.473      722.497       82.906      106.813       46.229      213.838     1244.589   -91919.903   4.43101000
  750     2.6335  -3.356253 -16.266812     5056.396   -28435.427   -15364.621   -20705.879   -35637.256      189.572      239.196      291.774      745.023       81.415       94.409       42.952      246.974     1254.631   -91900.841   4.43101000
  800     2.5694  13.258042 -20.688717     4933.255   -28341.158   -15368.150   -20753.793   -35640.155      272.269      266.778      311.314      709.544       87.940      108.859       41.562      244.253     1277.019   -91850.463   4.43101000
  850     2.5609  22.415580 -16.263845     4916.909   -28277.769   -15368.462   -20787.985   -35648.454      207.881      261.401      298.408      737.708       78.152       81.058       34.927      224.536     1286.692   -91954.998   4.43101000
  900     2.5673   3.907342  -2.769396     4929.294   -28269.163   -15365.910   -20811.048   -35661.577      253.147      244.981      289.352      730.764       72.693       92.943       41.479      201.788     1255.795   -91995.461   4.43101000
  950     2.5781  -5.239176  -3.330331     4949.891   -28303.125   -15364.427   -20817.917   -35676.248      196.465      230.934      315.085      758.521       57.999       72.510       42.560      201.704     1242.012   -92094.035   4.43101000
 1000     2.5721   6.742268 -12.901013     4938.353   -28334.516   -15367.045   -20812.613   -35678.875      225.634      224.607      299.609      683.669       65.186       94.467       42.052      214.902     1301.062   -92103.508   4.43101000
 1050     2.5437  11.894760 -12.546862     4883.965   -28303.068   -15368.085   -20792.467   -35666.037      221.123      230.020      275.463      686.927       66.744       81.738       36.139      241.610     1324.908   -92081.021   4.43101000
 1100     2.4589  -3.341998  -7.926471     4721.064   -28259.873   -15365.560   -20768.577   -35647.385      231.219      244.791      256.127      710.837       83.912       97.303       37.249      221.420     1275.354   -92162.118   4.43101000
 1150     2.4246 -24.524434   3.213860     4655.249   -28235.174   -15363.406   -20756.221   -35633.772      189.962      249.512      267.488      703.247       82.666       89.395       37.678      250.097     1251.578   -92211.700   4.43101000
 1200     2.4440 -12.648233 -16.225151     4692.546   -28283.440   -15364.595   -20760.679   -35627.473      221.457      248.949      277.175      750.785       74.080       94.886       44.340      210.855     1257.077   -92164.035   4.43101000
 1250     2.4286  10.445001 -25.089592     4662.855   -28330.419   -15367.226   -20767.215   -35632.653      235.150      248.298      294.934      780.736       82.094       92.165       39.053      214.880     1260.170   -92187.176   4.43101000
 1300     2.4558   8.926314 -16.036368     4715.137   -28275.999   -15366.228   -20781.585   -35645.811      225.241      235.960      290.046      740.775       84.035       85.805       36.591      202.521     1262.973   -92190.539   4.43101000
 1350     2.4932   2.728759  -4.629563     4786.949   -28230.299   -15365.624   -20794.905   -35658.229      218.653      244.917      298.364      700.210       76.197       83.115       42.109      203.772     1268.362   -92126.408   4.43101000
 1400     2.5023   2.184303   3.772477     4804.457   -28231.516   -15366.103   -20808.157   -35662.426      222.944      250.089      290.898      692.820       76.708       85.778       42.315      196.429     1270.157   -92135.609   4.43101000
 1450     2.5103  -2.346449  -6.406507     4819.688   -28214.759   -15365.801   -20818.109   -35659.691      216.944      237.156      289.716      711.279       84.738       92.019       40.191      188.998     1278.459   -92099.173   4.43101000
 1500     2.5249   9.715377  -8.347112     4847.770   -28252.547   -15366.952   -20816.057   -35658.763      238.065      244.030      295.542      726.022       79.990       86.159       38.543      197.794     1306.361   -92034.042   4.43101000
 1550     2.5075  -2.529495   2.702382     4814.307   -28304.199   -15365.029   -20806.885   -35658.505      228.219      229.544      317.821      755.433       75.349       83.769       40.602      222.219     1303.836   -92063.519   4.43101000
 1600     2.5216  -5.763658  21.072348     4841.472   -28360.268   -15364.691   -20800.901   -35662.076      201.317      235.882      318.061      744.699       78.203       91.344       43.520      211.012     1302.352   -92120.074   4.43101000
 1650     2.5188  -5.591749   7.257786     4836.168   -28386.869   -15365.378   -20801.289   -35670.011      235.808      271.210      335.460      736.140       89.340       99.098       45.109      204.662     1304.907   -92065.645   4.43101000
 1700     2.5308  11.030586 -11.349042     4859.045   -28443.201   -15367.704   -20801.941   -35673.209      232.342      271.138      326.948      715.273       94.317       88.403       39.124      209.195     1317.343   -92132.927   4.43101000
 1750     2.5065   3.348086  -3.821645     4812.424   -28441.475   -15366.843   -20797.358   -35673.154      262.197      258.452      311.403      683.457       93.543      100.500       41.598      216.133     1297.917   -92201.205   4.43101000
 1800     2.5041 -20.918987  19.210019     4807.778   -28421.192   -15363.280   -20786.535   -35678.067      205.415      254.162      320.533      685.584       79.114       86.683       44.078      201.703     1302.210   -92261.814   4.43101000
 1850     2.4755  -6.431042  19.460046     4752.965   -28494.477   -15365.186   -20778.501   -35681.963      224.479      269.881      306.272      708.032       80.593       92.416       43.273      212.257     1313.226   -92316.734   4.43101000
 1900     2.4181   5.793401   6.619431     4642.731   -28550.752   -15367.752   -20772.034   -35678.191      225.728      282.982      298.417      799.250       86.380       88.382       36.258      212.942     1335.804   -92359.855   4.43101000
 1950     2.4811   0.304186  -4.843218     4763.681   -28549.244   -15366.727   -20748.078   -35669.186      219.969      258.535      283.892      697.461       81.852       82.845       35.680      181.334     1332.115   -92395.872   4.43101000
 2000     2.4392 -11.291378  10.239880     4683.197   -28458.461   -15363.839   -20723.486   -35656.311      206.145      220.478      303.494      692.929       74.552       82.631       40.555      225.418     1306.854   -92365.845   4.43101000
 2050     2.4452  -2.478460  47.495524     4694.874   -28429.917   -15364.480   -20697.812   -35643.446      215.273      238.539      287.874      722.941       67.086       85.718       44.573      208.904     1239.090   -92330.781   4.43101000
 2100     2.4403  14.542728  25.659275     4685.351   -28468.573   -15367.933   -20697.257   -35637.658      220.281      292.411      275.474      738.424       77.271       81.436       36.613      193.071     1213.509   -92357.578   4.43101000
 2150     2.4430   2.965997   2.717789     4690.471   -28465.129   -15366.803   -20709.881   -35639.324      223.788      285.116      270.677      744.578       88.192       90.517       38.918      206.052     1215.982   -92326.848   4.43101000
 2200     2.5309 -16.202649  16.840495     4859.240   -28504.950   -15364.225   -20699.745   -35642.318      213.216      253.059      273.574      756.872       83.823       92.177       38.791      190.411     1229.354   -92220.719   4.43101000
 2250     2.5412 -20.930427  16.836925     4879.074   -28538.546   -15364.216   -20706.165   -35647.282      206.312      217.993      311.566      750.392       70.018       87.451       42.298      181.919     1251.983   -92257.202   4.43101000
 2300     2.4987 -22.918615   1.052320     4797.441   -28510.064   -15364.545   -20733.803   -35653.382      210.029      227.358      297.011      692.052       74.344       90.672       38.986      184.834     1296.898   -92352.168   4.43101000
 2350     2.4406  -6.270676  -9.247919     4685.883   -28557.462   -15365.213   -20753.930   -35662.919      217.095      255.565      289.969      768.848       81.026       91.190       37.761      189.562     1329.144   -92393.482   4.43101000
 2400     2.5014  -4.279798  -8.227623     4802.705   -28644.987   -15365.717   -20742.526   -35666.887      227.961      259.259      272.211      787.549       76.651       87.590       36.975      186.846     1302.742   -92379.629   4.43101000
 2450     2.5192   9.650660   6.491306     4836.896   -28696.110   -15366.530   -20722.108   -35661.988      220.783      247.353      273.438      802.575       73.884       86.939       39.208      221.431     1319.890   -92324.339   4.43101000
 2500     2.5326  -9.344235  -6.258328     4862.523   -28655.529   -15365.209   -20720.422   -35658.382      207.727      249.415      277.576      766.135       71.362       86.054       38.956      220.511     1328.077   -92291.206   4.43101000
 2550     2.5063  -1.127955 -16.508482     4812.143   -28653.631   -15365.487   -20706.758   -35656.852      215.254      266.759      272.123      745.673       70.816       80.306       38.344      197.837     1317.936   -92365.538   4.43101000
 2600     2.4693  11.579706 -16.501836     4741.005   -28663.728   -15366.722   -20702.890   -35658.457      198.944      271.975      283.186      761.995       81.398       86.645       37.052      207.509     1330.300   -92391.786   4.43101000
 2650     2.4066 -10.512530   2.586859     4620.739   -28615.180   -15364.732   -20732.355   -35674.171      216.133      287.862      258.662      752.806       94.835       95.098       37.792      209.461     1332.297   -92480.753   4.43101000
 2700     2.4831   0.283662  -0.083075     4767.531   -28593.476   -15365.289   -20769.530   -35693.610      176.132      278.503      249.546      696.893       82.406       75.259       33.801      208.741     1324.951   -92528.141   4.43101000
 2750     2.4425  13.960279  -9.099575     4689.648   -28621.653   -15367.214   -20785.078   -35707.810      227.355      256.234      260.916      709.692       78.735       95.684       42.337      230.988     1334.182   -92555.985   4.43101000
 2800     2.5336  15.594419  -9.955181     4864.563   -28672.508   -15366.953   -20771.648   -35712.838      192.678      260.930      264.375      687.236       73.223       81.750       38.189      250.727     1347.942   -92462.334   4.43101000
 2850     2.4913   5.524799  -5.172830     4783.261   -28657.743   -15366.428   -20743.871   -35709.360      228.300      251.648      254.628      696.579       75.893       88.003       37.784      241.193     1313.474   -92506.637   4.43101000
 2900     2.4919  15.096519  12.678793     4784.386   -28618.127   -15366.784   -20716.370   -35701.219      213.617      244.378      260.515      758.592       75.307       84.692       35.162      211.086     1328.528   -92406.238   4.43101000
 2950     2.4755   3.569787   8.512493     4752.889   -28584.242   -15366.316   -20716.381   -35690.650      234.160      237.962      265.764      731.138       75.078       89.676       40.002      258.104     1363.017   -92309.801   4.43101000
 3000     2.5012 -12.665552  -5.579866     4802.293   -28593.911   -15364.813   -20709.084   -35681.953      224.809      242.109      259.655      740.569       72.364       91.856       39.480      215.719     1336.433   -92324.473   4.43101000
 3050     2.5153 -15.428894 -12.734490     4829.361   -28569.824   -15365.022   -20704.627   -35679.426      217.925      243.788      261.776      672.497       73.948       91.816       39.177      201.505     1303.484   -92383.623   4.43101000
 3100     2.5252   2.767162  -8.468045     4848.440   -28530.425   -15366.809   -20707.121   -35674.029      219.852      249.018      263.326      717.614       76.268       85.480       36.342      201.574     1304.402   -92276.068   4.43101000
 3150     2.5032 -14.257936   6.729137     4806.110   -28507.354   -15365.590   -20689.651   -35661.741      221.567      235.039      274.900      722.988       81.806       93.144       36.936      206.818     1295.910   -92249.116   4.43101000
 3200     2.4274 -16.085019 -11.407470     4660.563   -28530.040   -15364.768   -20660.510   -35648.998      233.226      240.729      262.643      732.930       77.134       94.295       40.351      229.257     1279.294   -92353.894   4.43101000
 3250     2.4258 -11.396968 -20.624106     4657.441   -28622.397   -15364.350   -20622.921   -35636.515      214.825      245.282      258.470      777.224       73.258       88.764       40.977      202.475     1256.886   -92430.581   4.43101000
 3300     2.4510 -15.795971 -24.527832     4705.923   -28701.386   -15365.232   -20591.357   -35628.297      226.667      269.628      256.319      736.869       82.649       95.946       39.472      202.744     1295.550   -92374.505   4.43101000
 3350     2.5040 -18.723860  -7.308873     4807.741   -28692.312   -15365.598   -20603.828   -35622.613      217.855      281.856      258.370      633.290       79.628       82.115       36.222      205.504     1339.176   -92342.595   4.43101000
 3400     2.5175 -21.875812  11.530092     4833.689   -28646.472   -15364.831   -20622.100   -35618.878      222.624      265.172      256.438      617.071       80.929       74.833       33.094      210.259     1322.603   -92335.567   4.43101000
 3450     2.4860  -1.803352  -3.259418     4773.045   -28675.438   -15365.482   -20611.171   -35617.427      199.519      234.288      285.857      682.193       79.218       87.103       40.886      189.382     1312.320   -92385.708   4.43101000
 3500     2.5166   7.295771 -27.320518     4831.890   -28792.223   -15366.336   -20575.181   -35614.239      203.139      240.604      302.676      725.138       73.593       92.076       42.933      186.324     1317.352   -92332.254   4.43101000
 3550     2.5108  14.338478 -22.055637     4820.786   -28853.041   -15367.301   -20557.423   -35609.619      213.136      267.982      306.671      730.710       73.669       82.678       38.986      185.831     1328.087   -92338.848   4.43101000
 3600     2.4703   1.569539 -19.143471     4743.026   -28849.100   -15365.970   -20533.566   -35601.188      201.387      260.382      308.375      689.090       81.804       89.809       37.894      221.627     1345.494   -92370.934   4.43101000
 3650     2.4317 -12.944328  -9.752337     4668.926   -28833.126   -15364.664   -20507.475   -35597.103      211.557      234.303      312.333      744.817       79.493       87.689       39.981      204.936     1303.664   -92414.670   4.43101000
 3700     2.5072 -18.715807  -7.054076     4813.844   -28812.233   -15364.426   -20498.915   -35599.240      208.119      213.272      303.476      728.380       71.932       78.969       38.140      194.941     1281.418   -92342.323   4.43101000
 3750     2.5157 -25.184167   7.242638     4830.165   -28856.644   -15364.319   -20490.699   -35604.322      199.476      216.992      307.853      744.819       74.764       94.641       42.298      219.973     1290.974   -92294.030   4.43101000
 3800     2.5233 -34.410396  18.300676     4844.748   -28889.947   -15364.392   -20499.600   -35613.177      206.093      260.869      286.267      745.943       80.025       84.063       38.119      214.364     1330.513   -92276.112   4.43101000
 3850     2.4819 -36.819556  20.727453     4765.344   -28910.684   -15363.344   -20501.218   -35617.222      226.582      312.039      260.695      737.685       84.275       78.488       38.316      224.543     1359.001   -92305.500   4.43101000
 3900     2.4356 -36.767823  18.976487     4676.387   -28874.685   -15363.089   -20505.873   -35618.017      214.023      293.886      276.983      774.939       92.819       88.428       39.146      233.756     1331.073   -92340.226   4.43101000
 3950     2.4860 -16.648242  -2.507790     4773.164   -28949.080   -15364.628   -20496.404   -35618.819      200.310      268.944      265.162      743.080       87.244       83.327       38.093      209.307     1310.158   -92450.142   4.43101000
 4000     2.5207   4.504774  -7.733598     4839.712   -29081.435   -15366.059   -20499.286   -35620.334      234.778      244.690      276.275      775.508       80.843       90.419       42.946      207.320     1287.934   -92486.689   4.43101000
 4050     2.5072  10.977076  -0.271672     4813.898   -29025.107   -15366.809   -20533.731   -35617.723      229.281      236.245      315.708      748.315       90.941      107.284       44.341      203.198     1270.075   -92484.082   4.43101000
 4100     2.4533  25.523248   5.690163     4710.265   -28935.067   -15367.507   -20572.325   -35608.367      224.488      238.403      342.605      775.744       82.245      108.225       43.531      182.460     1283.170   -92492.132   4.43101000
 4150     2.4839  22.300183   6.379103     4769.055   -28943.211   -15367.581   -20596.545   -35599.684      265.678      250.396      339.511      773.856       74.922       98.839       42.459      190.443     1319.169   -92382.693   4.43101000
 4200     2.4877   0.499657  -3.157200     4776.352   -28974.969   -15365.722   -20610.003   -35598.531      242.852      225.699      320.655      711.427       75.203       95.266       41.791      193.469     1328.556   -92537.956   4.43101000
 4250     2.4523 -21.809684   1.168995     4708.452   -28893.600   -15364.188   -20622.598   -35603.116      236.296      251.106      288.412      651.082       76.493       90.335       42.111      211.808     1352.748   -92574.659   4.43101000
 4300     2.4542 -26.417157  -7.323995     4712.133   -28849.881   -15364.226   -20637.064   -35610.183      231.761      268.472      275.694      673.063       79.204       89.388       40.859      212.329     1328.323   -92550.128   4.43101000
 4350     2.4592 -24.530968  -2.803577     4721.740   -28870.150   -15364.457   -20657.203   -35619.748      222.601      296.648      270.205      696.772       93.584       94.031       38.100      194.971     1307.211   -92575.694   4.43101000
 4400     2.4117 -22.636612  -8.526460     4630.415   -28814.218   -15364.542   -20672.327   -35632.986      227.839      310.434      283.536      748.768       95.594       99.634       41.157      186.433     1301.999   -92558.265   4.43101000
 4450     2.4474 -25.941748  -9.562777     4699.020   -28694.669   -15363.509   -20711.447   -35653.664      219.097      301.582      270.818      688.032       92.579       87.932       36.239      176.297     1314.038   -92537.656   4.43101000
 4500     2.4662 -21.840820 -15.734073     4735.031   -28611.528   -15363.761   -20766.407   -35677.777      234.971      254.579      275.508      660.177       82.410       90.857       39.292      204.275     1339.580   -92502.792   4.43101000
 4550     2.5007  16.112810 -12.981670     4801.321   -28603.672   -15366.665   -20813.642   -35695.392      211.679      241.230      283.504      710.707       73.892       87.619       40.730      216.348     1344.375   -92467.965   4.43101000
 4600     2.5026  17.871140  -3.980958     4804.935   -28578.566   -15367.786   -20854.947   -35702.917      236.490      244.497      287.309      704.448       74.296      102.135       42.959      185.813     1315.522   -92505.812   4.43101000
 4650     2.5057  11.588812   6.097601     4810.944   -28543.240   -15366.476   -20868.344   -35694.033      235.103      266.367      282.976      698.228       80.442       92.392       37.294      208.690     1312.790   -92446.868   4.43101000
 4700     2.4756 -18.988119  15.149714     4753.120   -28574.092   -15363.691   -20851.179   -35680.296      234.531      266.061      258.363      675.240       81.970      103.005       40.272      221.695     1310.079   -92524.924   4.43101000
 4750     2.4712 -15.569511  20.194693     4744.677   -28579.554   -15364.069   -20836.092   -35668.665      218.107      266.664      268.198      710.010       76.156       95.111       40.947      208.502     1310.851   -92509.159   4.43101000
 4800     2.4553  -9.912139   9.436687     4714.141   -28522.830   -15365.949   -20825.231   -35661.223      251.213      287.932      263.933      690.452       73.877       89.478       39.277      191.544     1333.987   -92439.398   4.43101000
 4850     2.4518 -10.119439   4.420483     4707.491   -28570.145   -15366.005   -20795.232   -35660.483      258.912      283.401      280.126      592.409       91.806      108.637       39.801      222.453     1366.157   -92440.672   4.43101000
 4900     2.5566  18.269463  18.778847     4908.683   -28712.385   -15366.923   -20766.510   -35661.083      253.880      279.038      292.287      680.403       85.228      104.190       41.914      198.124     1314.760   -92348.393   4.43101000
 4950     2.5256  29.960934   9.016302     4849.090   -28795.810   -15367.444   -20742.597   -35658.161      269.420      274.984      317.790      741.209       77.187      103.327       46.399      196.572     1304.968   -92383.067   4.43101000
 5000     2.5354  43.058372  -4.805859     4867.949   -28803.721   -15369.646   -20719.532   -35652.613      261.038      265.918      313.897      703.857       82.822      119.015       50.402      197.425     1372.976   -92310.214   4.43101000
 5050     2.4901  54.372826 -14.861436     4780.956   -28818.380   -15370.174   -20667.208   -35642.018      258.272      267.260      307.414      709.748       81.507      102.510       43.116      185.971     1381.573   -92379.452   4.43101000
 5100     2.4519  28.422635  -8.040555     4707.556   -28843.899   -15367.651   -20613.091   -35633.090      270.086      280.462      288.011      697.457       86.242      106.906       41.890      211.520     1372.161   -92395.439   4.43101000
 5150     2.4584  12.720913  -5.181203     4720.222   -28866.816   -15364.919   -20577.526   -35628.149      240.556      278.889      278.282      712.653       85.666      109.924       44.457      193.256     1354.856   -92418.651   4.43101000
 5200     2.5052  -0.833690  -2.425463     4810.010   -28870.585   -15365.409   -20575.873   -35629.955      228.643      271.353      268.300      677.022       82.496       98.772       41.695      208.521     1321.131   -92433.879   4.43101000
 5250     2.4686   4.535932 -11.981496     4739.686   -28863.554   -15367.208   -20586.847   -35641.263      253.033      279.179      241.154      776.870       87.670       98.097       38.892      196.110     1332.510   -92415.672   4.43101000
 5300     2.4937 -20.266219 -10.012179     4787.990   -28810.727   -15364.913   -20618.424   -35653.245      231.658      276.323      252.479      741.283       82.727       96.833       39.635      217.847     1322.143   -92398.393   4.43101000
 5350     2.5029 -20.796332 -12.783658     4805.499   -28749.855   -15363.401   -20650.660   -35655.519      222.117      261.507      260.367      651.747       82.075       95.398       40.782      223.813     1332.222   -92443.907   4.43101000
 5400     2.4658 -10.963067 -19.742272     4734.250   -28840.416   -15364.821   -20648.326   -35652.596      231.239      266.544      270.363      716.199       74.007       87.255       39.315      212.482     1355.995   -92518.510   4.43101000
 5450     2.5787   9.679806 -20.354413     4951.111   -29035.729   -15367.820   -20623.224   -35650.029      232.215      255.258      292.574      720.703       76.226       99.062       38.968      197.854     1385.095   -92427.735   4.43101000
 5500     2.5923  19.541103 -25.483737     4977.280   -29008.013   -15368.151   -20632.499   -35651.156      226.778      241.546      292.314      693.298       83.113      104.314       39.715      210.818     1375.047   -92415.596   4.43101000
 5550     2.5233   7.222802 -42.527501     4844.704   -28896.765   -15365.857   -20640.405   -35657.289      248.777      243.409      288.698      710.416       80.868      102.086       44.175      236.828     1325.902   -92434.451   4.43101000
 5600     2.5340   9.452754 -42.537432     4865.197   -28761.451   -15365.318   -20646.000   -35664.252      221.045      259.735      295.124      690.022       77.907       99.513       44.499      211.421     1284.003   -92388.553   4.43101000
 5650     2.4630  13.762592 -34.202124     4728.966   -28652.375   -15368.051   -20657.584   -35667.631      234.544      263.964      292.987      661.812       79.903      104.309       41.093      211.047     1287.666   -92439.350   4.43101000
 5700     2.4452  17.800977 -14.022461     4694.817   -28635.716   -15369.159   -20675.960   -35669.648      271.177      269.371      287.213      647.716       75.504       91.690       38.342      190.926     1295.483   -92488.244   4.43101000
 5750     2.4847   1.931562 -23.359475     4770.571   -28711.298   -15365.818   -20680.399   -35672.557      228.916      245.964      283.709      669.653       74.689       92.764       40.494      194.243     1276.873   -92552.197   4.43101000
 5800     2.4958 -21.330803   1.419300     4791.932   -28781.651   -15363.367   -20650.026   -35674.134      236.872      223.778      267.571      699.765       76.446      106.020       45.841      193.925     1264.271   -92562.755   4.43101000
 5850     2.4972 -13.210807  21.778040     4794.691   -28870.503   -15365.348   -20578.310   -35668.314      227.380      238.229      260.194      739.225       65.619       83.635       40.419      196.523     1272.224   -92564.336   4.43101000
 5900     2.3727 -14.479340   7.326435     4555.572   -28912.249   -15365.956   -20504.680   -35662.122      255.917      266.760      259.218      719.041       83.917       97.392       37.957      217.886     1273.747   -92677.599   4.43101000
 5950     2.4523 -17.972357 -16.491505     4708.352   -28970.078   -15365.458   -20445.788   -35655.982      219.987      271.530      257.979      668.050       79.964       91.880       37.409      190.941     1305.549   -92605.664   4.43101000
 6000     2.3629 -23.299565  -8.112987     4536.794   -28992.299   -15365.310   -20434.957   -35652.535      246.859      277.306      245.110      700.896       72.737       99.327       41.907      198.124     1287.478   -92738.565   4.43101000
 6050     2.4356 -13.915482   2.682287     4676.357   -29005.194   -15365.277   -20444.238   -35651.721      213.623      247.685      234.194      705.347       70.247       97.482       40.931      190.764     1267.655   -92722.145   4.43101000
 6100     2.4556  -7.385555 -12.426985     4714.793   -29034.768   -15366.222   -20446.593   -35647.964      232.037      225.529      235.849      709.359       88.046      113.757       39.998      192.327     1253.426   -92690.425   4.43101000
 6150     2.3736   1.267854 -25.136063     4557.389   -29015.841   -15366.349   -20460.581   -35641.201      244.287      272.964      230.114      753.517       81.139       96.644       37.375      211.163     1268.761   -92730.618   4.43101000
 6200     2.4592   5.584071 -18.263173     4721.755   -29054.119   -15366.229   -20488.929   -35633.788      238.702      268.654      256.758      736.080       76.916       98.902       40.830      200.281     1270.752   -92633.435   4.43101000
 6250     2.4167   5.289244  11.285707     4640.013   -29072.638   -15367.028   -20500.514   -35627.694      236.683      256.543      263.694      755.239       73.018      103.697       43.410      172.140     1279.088   -92744.347   4.43101000
 6300     2.4775  -4.767453   1.139611     4756.789   -29063.092   -15365.718   -20505.178   -35625.264      229.842      240.740      245.350      717.149       64.894       73.394       34.935      177.863     1286.842   -92731.456   4.43101000
 6350     2.5112  -9.610629 -10.416292     4821.479   -29067.637   -15365.362   -20493.854   -35625.206      267.584      225.496      262.550      649.392       73.245       93.097       37.755      185.140     1275.929   -92660.392   4.43101000
 6400     2.4997 -10.010683  -5.569445     4799.491   -29109.966   -15365.964   -20469.567   -35618.648      198.355      218.823      287.392      752.663       67.926       96.861       39.930      191.410     1267.436   -92643.857   4.43101000
 6450     2.4921  -6.692751   1.482587     4784.784   -29123.458   -15366.003   -20454.884   -35606.674      243.699      219.428      275.106      747.282       68.934       99.064       42.704      188.408     1242.555   -92639.054   4.43101000
 6500     2.4793 -10.784954  -7.191984     4760.332   -29100.558   -15364.516   -20453.092   -35596.770      194.006      225.135      253.353      761.368       68.170       77.143       36.581      189.221     1256.546   -92693.081   4.43101000
 6550     2.3811 -13.558375  -4.906515     4571.790   -28988.577   -15365.203   -20480.327   -35588.277      240.598      223.853      246.532      736.094       83.534      109.960       41.151      209.177     1251.558   -92708.135   4.43101000
 6600     2.4242 -17.588869 -15.148202     4654.484   -28886.719   -15366.319   -20527.409   -35589.495      207.472      232.790      233.900      657.279       66.475       77.435       33.618      230.556     1289.339   -92686.594   4.43101000
 6650     2.4076 -17.450070 -16.517091     4622.507   -28847.997   -15365.829   -20580.621   -35602.131      259.752      231.297      254.873      643.035       72.491       95.395       40.418      193.212     1305.271   -92678.328   4.43101000
 6700     2.4421 -20.795341 -11.941033     4688.804   -28810.179   -15363.928   -20641.964   -35619.827      175.022      244.975      260.899      702.232       77.659       81.563       35.489      202.340     1285.254   -92681.662   4.43101000
 6750     2.4251  15.725655 -10.106780     4656.157   -28758.038   -15366.859   -20702.063   -35636.346      253.962      262.339      272.956      740.417       78.380      102.650       45.096      163.160     1281.656   -92606.532   4.43101000
 6800     2.5527  35.888730  -6.343622     4901.254   -28805.192   -15369.476   -20736.901   -35659.060      216.897      260.617      285.008      727.971       71.907       76.262       38.237      184.849     1294.766   -92512.861   4.43101000
 6850     2.5688  16.415004 -13.390599     4932.101   -28896.500   -15367.493   -20718.112   -35678.138      239.362      229.590      295.320      720.507       80.658      102.628       42.430      191.611     1296.699   -92529.339   4.43101000
 6900     2.6035  -2.740721   1.736094     4998.760   -28865.510   -15364.865   -20697.287   -35687.434      207.560      236.723      293.226      745.606       76.485       85.243       40.388      203.845     1255.296   -92471.964   4.43101000
 6950     2.5680 -24.563821  14.765975     4930.473   -28771.826   -15363.454   -20711.785   -35689.652      218.535      259.592      310.713      685.286       68.520       87.924       44.959      212.275     1263.356   -92455.084   4.43101000
 7000     2.5555  -7.224730  -1.247695     4906.608   -28694.299   -15366.053   -20732.778   -35684.319      230.683      254.183      306.098      662.951       74.319       92.014       41.978      217.035     1297.218   -92394.363   4.43101000
 7050     2.5286   7.191135 -23.786073     4854.909   -28684.547   -15367.474   -20738.434   -35678.062      243.333      240.150      284.763      696.802       80.737       92.404       37.889      218.851     1286.754   -92431.925   4.43101000
 7100     2.5228   1.038422 -25.103244     4843.780   -28744.684   -15365.079   -20732.148   -35671.680      242.674      246.714      267.803      741.570       77.982       93.197       40.576      200.508     1285.464   -92473.324   4.43101000
 7150     2.5354  12.373734  -5.906669     4867.991   -28712.688   -15366.037   -20738.855   -35669.351      199.203      255.747      276.732      687.078       80.692       96.999       40.659      205.197     1289.234   -92487.399   4.43101000
 7200     2.4604  18.506421  -4.789031     4724.038   -28565.940   -15367.468   -20757.742   -35674.228      236.418      260.664      290.042      679.031       76.934      103.096       45.824      207.274     1271.557   -92470.500   4.43101000
 7250     2.4886   5.609982   5.442416     4778.102   -28539.829   -15366.174   -20746.521   -35680.075      231.359      271.950      265.221      651.310       84.183       92.935       38.674      195.305     1275.210   -92448.349   4.43101000
 7300     2.4944  -1.526129  20.548255     4789.175   -28675.511   -15364.940   -20696.794   -35681.838      242.148      280.742      273.457      680.662       88.784      101.762       43.647      176.382     1304.781   -92437.544   4.43101000
 7350     2.5292  13.428381   3.301248     4856.031   -28851.794   -15367.310   -20640.736   -35676.471      207.173      292.126      292.554      736.217       81.907       82.645       39.076      178.008     1320.781   -92449.793   4.43101000
 7400     2.5007  12.344667  -7.120068     4801.368   -28933.501   -15368.211   -20599.267   -35660.138      263.185      274.497      286.540      721.966       85.451      103.073       41.792      194.108     1330.154   -92458.984   4.43101000
 7450     2.5270   6.481272  -6.844613     4851.827   -28947.880   -15365.636   -20570.582   -35640.734      212.639      252.844      289.817      808.976       73.414       86.056       41.234      201.072     1317.588   -92389.364   4.43101000
 7500     2.4882  -2.113669 -23.110186     4777.274   -28864.508   -15364.371   -20567.305   -35626.863      255.766      252.272      290.762      745.170       75.762      103.563       47.437      202.203     1330.006   -92342.831   4.43101000
 7550     2.4985  11.643471 -27.380002     4797.193   -28764.014   -15366.931   -20576.774   -35616.895      227.914      253.858      281.577      659.864       82.147       88.343       36.893      227.817     1347.361   -92321.647   4.43101000
 7600     2.4695   9.708141 -24.992260     4741.345   -28717.253   -15367.618   -20568.156   -35610.530      271.677      257.649      284.306      677.333       92.388      107.543       38.345      204.459     1325.501   -92263.011   4.43101000
 7650     2.5193  17.803640 -21.724220     4836.992   -28804.235   -15366.733   -20545.387   -35611.156      220.292      254.462      304.719      705.644       71.050       85.159       42.009      200.610     1331.626   -92274.946   4.43101000
 7700     2.4971   3.766935 -12.232964     4794.492   -28868.520   -15365.489   -20540.038   -35622.266      247.175      250.462      296.583      764.137       72.465       96.459       47.571      199.504     1328.417   -92299.049   4.43101000
 7750     2.5222  14.926937   5.280477     4842.642   -28907.622   -15367.094   -20540.581   -35636.094      230.756      242.546      304.685      761.678       82.783       93.441       41.550      200.760     1275.139   -92375.409   4.43101000
 7800     2.5450  12.302572   6.446783     4886.305   -28922.203   -15367.499   -20565.470   -35652.871      250.061      238.565      293.705      751.027       88.732      102.052       37.483      211.206     1282.344   -92366.565   4.43101000
 7850     2.4906  -4.191129  23.097551     4781.993   -28821.416   -15365.905   -20606.179   -35666.162      234.776      237.385      290.158      720.152       83.440      106.103       43.036      213.613     1325.300   -92423.707   4.43101000
 7900     2.4779 -15.522785  26.248852     4757.659   -28750.883   -15364.913   -20619.150   -35667.098      228.918      246.869      281.575      684.751       81.611       95.838       42.037      246.508     1335.571   -92400.706   4.43101000
 7950     2.4466 -18.104350  21.443360     4697.411   -28744.604   -15364.528   -20635.453   -35667.818      253.591      253.936      271.554      761.728       87.796      101.437       41.144      215.872     1303.177   -92424.758   4.43101000
 8000     2.4455  -8.716998  -6.149354     4695.393   -28801.154   -15364.838   -20651.899   -35667.168      232.866      270.909      289.441      785.011       84.941       86.904       40.795      200.362     1294.156   -92504.282   4.43101000
 8050     2.4831  -9.427750 -19.148879     4767.535   -28866.695   -15365.876   -20688.009   -35668.421      262.083      284.378      296.100      739.362       88.558       96.627       43.062      190.910     1353.217   -92467.171   4.43101000
 8100     2.4418   4.245910 -13.863316     4688.292   -28860.333   -15367.207   -20732.923   -35676.519      241.082      262.749      306.761      767.488       81.297       96.865       45.608      218.193     1383.230   -92545.417   4.43101000
 8150     2.4932  -5.445293 -16.757975     4787.029   -28772.117   -15365.309   -20770.458   -35685.523      243.066      240.860      304.017      675.103       84.333      101.101       42.956      197.670     1405.759   -92511.513   4.43101000
 8200     2.4521 -30.826108 -20.073177     4707.950   -28670.596   -15363.011   -20788.914   -35687.089      245.858      228.544      320.468      684.477       86.666      104.058       42.039      194.702     1381.317   -92513.531   4.43101000
 8250     2.4813   4.967685   1.962687     4764.162   -28667.961   -15366.066   -20780.041   -35679.985      224.640      237.271      304.962      765.385       79.547       92.427       38.733      194.991     1322.141   -92469.794   4.43101000
 8300     2.4819  11.691038  19.066240     4765.159   -28680.308   -15367.725   -20777.270   -35674.181      266.131      269.815      314.372      752.488       84.457      110.371       50.285      189.810     1292.657   -92403.938   4.43101000
 8350     2.4774  -6.247371  24.233726     4756.667   -28688.777   -15365.198   -20773.738   -35676.432      219.977      295.283      319.634      780.421       85.592       85.324       43.701      186.921     1278.353   -92452.271   4.43101000
 8400     2.4831 -24.153483  35.044019     4767.636   -28711.302   -15363.037   -20774.571   -35680.401      239.734      259.751      308.720      743.091      101.928      104.378       41.989      198.672     1271.331   -92492.082   4.43101000
 8450     2.5061 -29.669755  38.500852     4811.739   -28706.640   -15364.063   -20792.286   -35680.060      206.565      239.804      309.899      674.035       88.450       86.379       39.639      203.283     1265.871   -92617.386   4.43101000
 8500     2.3814 -27.901915  21.213046     4572.349   -28684.215   -15365.212   -20785.717   -35674.543      238.130      256.067      310.065      672.946       81.236       99.158       49.292      225.513     1301.818   -92703.112   4.43101000
 8550     2.4027 -25.288913  23.515828     4613.249   -28644.755   -15363.585   -20762.842   -35662.927      178.101      265.307      315.850      638.220       80.420       85.063       43.371      197.064     1292.859   -92724.607   4.43101000
 8600     2.3538  -1.547382  18.243516     4519.275   -28677.533   -15364.930   -20743.339   -35649.404      247.756      283.583      318.717      668.062       89.601       98.939       45.950      195.657     1278.669   -92688.998   4.43101000
 8650     2.4088  12.314664  -1.322951     4624.899   -28675.779   -15366.920   -20751.958   -35646.034      225.441      259.331      316.663      707.811       79.238       75.513       40.869      186.846     1290.204   -92633.878   4.43101000
 8700     2.4277  27.700160   1.514833     4661.126   -28684.295   -15369.436   -20768.185   -35653.996      252.395      251.212      329.278      653.489       91.070      101.231       44.906      208.526     1312.137   -92570.540   4.43101000
 8750     2.4687  11.334638   2.039214     4739.962   -28689.342   -15367.623   -20779.278   -35667.766      257.116      278.702      325.446      655.054       86.995      103.094       50.200      195.272     1281.066   -92531.103   4.43101000
 8800     2.4296 -17.169211  -8.360843     4664.845   -28636.648   -15364.540   -20788.785   -35674.273      229.336      272.962      333.579      671.423       80.112       96.722       49.286      207.309     1250.957   -92607.715   4.43101000
 8850     2.4551 -18.860569  -3.916317     4713.705   -28612.831   -15365.214   -20793.173   -35679.853      242.279      262.380      321.072      654.387       97.311      119.716       47.041      201.596     1241.520   -92550.065   4.43101000
 8900     2.4849 -16.914605   3.388970     4771.040   -28559.712   -15366.012   -20802.032   -35696.721      239.518      250.941      285.944      713.509       88.359       92.339       41.270      205.947     1263.665   -92471.944   4.43101000
 8950     2.4761 -15.675863  -0.426789     4754.061   -28549.686   -15365.897   -20811.038   -35712.694      267.061      260.410      290.684      667.814       80.061       89.212       46.111      223.091     1291.757   -92469.054   4.43101000
 9000     2.5139 -12.779562  -0.131301     4826.685   -28586.508   -15364.743   -20812.562   -35716.967      214.177      260.650      296.569      678.897       83.122       89.796       43.099      202.926     1297.849   -92487.010   4.43101000
 9050     2.4270  -2.716453   8.265521     4659.893   -28647.238   -15365.402   -20799.374   -35706.083      242.563      280.281      309.979      726.265       95.444      103.772       44.394      204.638     1287.511   -92563.357   4.43101000
 9100     2.4760   5.734103  -2.270937     4754.005   -28731.406   -15367.010   -20756.158   -35686.340      231.101      269.249      309.082      734.313       85.183       78.986       39.668      205.380     1232.468   -92601.480   4.43101000
 9150     2.4277  18.269823 -31.032409     4661.186   -28812.916   -15369.066   -20704.149   -35663.633      262.242      228.368      314.524      743.414       89.364      103.199       43.068      186.054     1230.924   -92687.419   4.43101000
 9200     2.4916   8.047774 -10.860853     4783.966   -28844.076   -15367.127   -20675.890   -35643.722      207.530      227.000      344.889      666.581       75.559       93.963       46.686      215.606     1256.741   -92612.295   4.43101000
 9250     2.5010   2.305959  -4.155085     4801.885   -28868.838   -15365.143   -20687.531   -35628.752      251.219      253.151      339.584      660.116       80.641      105.359       49.620      215.956     1249.987   -92542.745   4.43101000
 9300     2.4700  13.189519 -13.471147     4742.459   -28851.224   -15367.007   -20718.837   -35615.738      248.631      269.057      340.325      709.953       88.209       95.008       43.321      215.770     1268.468   -92531.605   4.43101000
 9350     2.4325  16.847019 -40.576664     4670.476   -28783.247   -15369.589   -20726.443   -35604.197      317.919      256.714      309.859      717.540       89.864      103.048       40.816      189.778     1259.968   -92527.494   4.43101000
 9400     2.4326 -14.851335 -21.071098     4670.613   -28667.465   -15365.593   -20734.596   -35603.695      262.252      243.619      306.008      707.261       79.330       89.069       40.113      194.135     1263.313   -92515.636   4.43101000
 9450     2.3969 -56.272023  -5.572284     4602.060   -28600.833   -15359.476   -20740.022   -35613.674      230.225      242.504      296.627      705.290       81.010      116.738       50.946      187.773     1248.999   -92551.834   4.43101000
 9500     2.4493 -33.527493 -10.807732     4702.727   -28657.876   -15363.069   -20738.262   -35629.840      207.449      249.360      288.318      654.686       81.221      107.953       49.011      218.053     1226.752   -92603.518   4.43101000
 9550     2.4687  -3.012926  -8.376096     4739.920   -28829.335   -15368.616   -20739.729   -35645.136      265.280      242.931      254.108      720.361       95.940      107.795       40.309      214.540     1227.646   -92673.985   4.43101000
 9600     2.5115  -9.769633   1.646739     4822.132   -28889.536   -15367.092   -20754.429   -35651.418      251.520      248.753      257.260      691.513      104.036      104.960       38.729      234.605     1255.892   -92653.074   4.43101000
 9650     2.4648  -6.247061   3.123529     4732.492   -28867.276   -15364.123   -20756.166   -35653.154      239.746      257.436      289.829      710.878       82.958       97.858       48.740      224.306     1288.901   -92667.577   4.43101000
 9700     2.4471   3.756230  -2.986200     4698.464   -28856.725   -15365.462   -20743.222   -35652.689      225.107      265.510      311.770      719.983       75.944       91.326       49.653      221.429     1308.894   -92650.018   4.43101000
 9750     2.4192  23.528233 -13.163854     4644.944   -28842.280   -15369.831   -20743.938   -35653.843      291.309      244.188      313.255      745.806       86.718      101.318       42.116      227.054     1303.302   -92609.882   4.43101000
 9800     2.4501  24.246821 -17.440046     4704.135   -28845.416   -15369.317   -20767.422   -35661.546      280.937      241.569      328.993      710.749       89.494       92.372       39.822      198.274     1303.982   -92653.374   4.43101000
 9850     2.4406 -10.675556  -2.101153     4685.861   -28802.974   -15364.627   -20788.816   -35670.984      238.026      221.969      325.239      724.903       74.756      103.013       45.874      209.186     1288.684   -92709.889   4.43101000
 9900     2.4058 -24.202005   2.992379     4619.163   -28765.613   -15362.821   -20780.947   -35671.807      214.223      229.642      338.797      767.295       76.321      105.144       49.953      183.141     1278.276   -92719.232   4.43101000
 9950     2.4413  -8.228329  -3.832174     4687.339   -28728.191   -15366.615   -20801.658   -35665.570      255.012      253.039      325.822      672.291       80.290      104.146       45.105      214.721     1282.909   -92641.359   4.43101000
10000     2.4463  10.059510  -1.581380     4696.851   -28721.486   -15369.164   -20817.097   -35658.371      273.597      263.203      283.360      706.091       85.281       90.495       38.796      194.703     1288.492   -92645.248   4.43101000
equilibration finished
